[0.009s] Invoking command in '/ros2_ws/src/algorithmic_payload_estimation/ur_manipulator_description/ur_manipulator_description/build/ur_manipulator_description': CMAKE_PREFIX_PATH=${CMAKE_PREFIX_PATH}:/opt/ros/jazzy /usr/bin/cmake /ros2_ws/src/algorithmic_payload_estimation/ur_manipulator_description/ur_manipulator_description -DAMENT_CMAKE_SYMLINK_INSTALL=1 -DCMAKE_INSTALL_PREFIX=/ros2_ws/src/algorithmic_payload_estimation/ur_manipulator_description/ur_manipulator_description/install/ur_manipulator_description
[0.053s] -- The C compiler identification is GNU 13.3.0
[0.092s] -- The CXX compiler identification is GNU 13.3.0
[0.105s] -- Detecting C compiler ABI info
[0.177s] -- Detecting C compiler ABI info - done
[0.183s] -- Check for working C compiler: /usr/bin/cc - skipped
[0.183s] -- Detecting C compile features
[0.183s] -- Detecting C compile features - done
[0.191s] -- Detecting CXX compiler ABI info
[0.272s] -- Detecting CXX compiler ABI info - done
[0.277s] -- Check for working CXX compiler: /usr/bin/c++ - skipped
[0.277s] -- Detecting CXX compile features
[0.278s] -- Detecting CXX compile features - done
[0.284s] -- Found ament_cmake: 2.5.4 (/opt/ros/jazzy/share/ament_cmake/cmake)
[0.405s] -- Found Python3: /usr/bin/python3 (found version "3.12.3") found components: Interpreter 
[0.450s] -- Override CMake install command with custom implementation using symlinks instead of copying resources
[0.524s] -- Found xacro: 2.0.13 (/opt/ros/jazzy/share/xacro/cmake)
[0.529s] -- Found rviz2: 14.1.12 (/opt/ros/jazzy/share/rviz2/cmake)
[0.534s] -- Found robot_state_publisher: 3.3.3 (/opt/ros/jazzy/share/robot_state_publisher/cmake)
[0.592s] -- Found rosidl_generator_c: 4.6.5 (/opt/ros/jazzy/share/rosidl_generator_c/cmake)
[0.610s] -- Found rosidl_generator_cpp: 4.6.5 (/opt/ros/jazzy/share/rosidl_generator_cpp/cmake)
[0.629s] -- Using all available rosidl_typesupport_c: rosidl_typesupport_fastrtps_c;rosidl_typesupport_introspection_c
[0.650s] -- Using all available rosidl_typesupport_cpp: rosidl_typesupport_fastrtps_cpp;rosidl_typesupport_introspection_cpp
[0.751s] -- Found rmw_implementation_cmake: 7.3.2 (/opt/ros/jazzy/share/rmw_implementation_cmake/cmake)
[0.756s] -- Found rmw_fastrtps_cpp: 8.4.2 (/opt/ros/jazzy/share/rmw_fastrtps_cpp/cmake)
[0.846s] -- Found OpenSSL: /usr/lib/x86_64-linux-gnu/libcrypto.so (found version "3.0.13")  
[0.861s] -- Found FastRTPS: /opt/ros/jazzy/include (Required is at least version "2.13") 
[0.877s] -- Using RMW implementation 'rmw_fastrtps_cpp' as default
[1.141s] -- Found ament_lint_auto: 0.17.2 (/opt/ros/jazzy/share/ament_lint_auto/cmake)
[1.232s] -- Added test 'cppcheck' to perform static code analysis on C / C++ code
[1.232s] -- Configured cppcheck include dirs: 
[1.232s] -- Configured cppcheck exclude dirs and/or files: 
[1.235s] -- Added test 'lint_cmake' to check CMake code style
[1.243s] -- Added test 'uncrustify' to check C / C++ code style
[1.243s] -- Configured uncrustify additional arguments: 
[1.244s] -- Added test 'xmllint' to check XML markup files
[1.246s] -- Configuring done (1.2s)
[1.251s] -- Generating done (0.0s)
[1.253s] -- Build files have been written to: /ros2_ws/src/algorithmic_payload_estimation/ur_manipulator_description/ur_manipulator_description/build/ur_manipulator_description
[1.259s] Invoked command in '/ros2_ws/src/algorithmic_payload_estimation/ur_manipulator_description/ur_manipulator_description/build/ur_manipulator_description' returned '0': CMAKE_PREFIX_PATH=${CMAKE_PREFIX_PATH}:/opt/ros/jazzy /usr/bin/cmake /ros2_ws/src/algorithmic_payload_estimation/ur_manipulator_description/ur_manipulator_description -DAMENT_CMAKE_SYMLINK_INSTALL=1 -DCMAKE_INSTALL_PREFIX=/ros2_ws/src/algorithmic_payload_estimation/ur_manipulator_description/ur_manipulator_description/install/ur_manipulator_description
[1.260s] Invoking command in '/ros2_ws/src/algorithmic_payload_estimation/ur_manipulator_description/ur_manipulator_description/build/ur_manipulator_description': CMAKE_PREFIX_PATH=${CMAKE_PREFIX_PATH}:/opt/ros/jazzy /usr/bin/cmake --build /ros2_ws/src/algorithmic_payload_estimation/ur_manipulator_description/ur_manipulator_description/build/ur_manipulator_description -- -j24 -l24
[1.296s] Invoked command in '/ros2_ws/src/algorithmic_payload_estimation/ur_manipulator_description/ur_manipulator_description/build/ur_manipulator_description' returned '0': CMAKE_PREFIX_PATH=${CMAKE_PREFIX_PATH}:/opt/ros/jazzy /usr/bin/cmake --build /ros2_ws/src/algorithmic_payload_estimation/ur_manipulator_description/ur_manipulator_description/build/ur_manipulator_description -- -j24 -l24
[1.304s] Invoking command in '/ros2_ws/src/algorithmic_payload_estimation/ur_manipulator_description/ur_manipulator_description/build/ur_manipulator_description': CMAKE_PREFIX_PATH=${CMAKE_PREFIX_PATH}:/opt/ros/jazzy /usr/bin/cmake --install /ros2_ws/src/algorithmic_payload_estimation/ur_manipulator_description/ur_manipulator_description/build/ur_manipulator_description
[1.311s] -- Install configuration: ""
[1.311s] -- Execute custom install script
[1.311s] -- Symlinking: /ros2_ws/src/algorithmic_payload_estimation/ur_manipulator_description/ur_manipulator_description/install/ur_manipulator_description/share/ur_manipulator_description/urdf/base_attachment.urdf.xacro
[1.318s] -- Symlinking: /ros2_ws/src/algorithmic_payload_estimation/ur_manipulator_description/ur_manipulator_description/install/ur_manipulator_description/share/ur_manipulator_description/urdf/manipulator.urdf.xacro
[1.326s] -- Symlinking: /ros2_ws/src/algorithmic_payload_estimation/ur_manipulator_description/ur_manipulator_description/install/ur_manipulator_description/share/ur_manipulator_description/urdf/old_manipulator.urdf.xacro
[1.334s] -- Symlinking: /ros2_ws/src/algorithmic_payload_estimation/ur_manipulator_description/ur_manipulator_description/install/ur_manipulator_description/share/ur_manipulator_description/urdf/table/license.txt
[1.342s] -- Symlinking: /ros2_ws/src/algorithmic_payload_estimation/ur_manipulator_description/ur_manipulator_description/install/ur_manipulator_description/share/ur_manipulator_description/urdf/table/table.mtl
[1.349s] -- Symlinking: /ros2_ws/src/algorithmic_payload_estimation/ur_manipulator_description/ur_manipulator_description/install/ur_manipulator_description/share/ur_manipulator_description/urdf/table/table.obj
[1.356s] -- Symlinking: /ros2_ws/src/algorithmic_payload_estimation/ur_manipulator_description/ur_manipulator_description/install/ur_manipulator_description/share/ur_manipulator_description/urdf/table/table.png
[1.364s] -- Symlinking: /ros2_ws/src/algorithmic_payload_estimation/ur_manipulator_description/ur_manipulator_description/install/ur_manipulator_description/share/ur_manipulator_description/urdf/table/table.urdf.xacro
[1.371s] -- Symlinking: /ros2_ws/src/algorithmic_payload_estimation/ur_manipulator_description/ur_manipulator_description/install/ur_manipulator_description/share/ur_manipulator_description/urdf/table/table2.mtl
[1.379s] -- Symlinking: /ros2_ws/src/algorithmic_payload_estimation/ur_manipulator_description/ur_manipulator_description/install/ur_manipulator_description/share/ur_manipulator_description/urdf/table/table2.obj
[1.387s] -- Symlinking: /ros2_ws/src/algorithmic_payload_estimation/ur_manipulator_description/ur_manipulator_description/install/ur_manipulator_description/share/ur_manipulator_description/urdf/table/table2.urdf
[1.395s] -- Symlinking: /ros2_ws/src/algorithmic_payload_estimation/ur_manipulator_description/ur_manipulator_description/install/ur_manipulator_description/share/ur_manipulator_description/urdf/table/tabletop.jpg
[1.402s] -- Symlinking: /ros2_ws/src/algorithmic_payload_estimation/ur_manipulator_description/ur_manipulator_description/install/ur_manipulator_description/share/ur_manipulator_description/urdf/test_wrapper_call.xacro
[1.410s] -- Symlinking: /ros2_ws/src/algorithmic_payload_estimation/ur_manipulator_description/ur_manipulator_description/install/ur_manipulator_description/share/ur_manipulator_description/xacro/ft_sensor.gazebo.xacro
[1.418s] -- Symlinking: /ros2_ws/src/algorithmic_payload_estimation/ur_manipulator_description/ur_manipulator_description/install/ur_manipulator_description/share/ur_manipulator_description/xacro/rbyt_ur_mocked.xacro
[1.427s] -- Symlinking: /ros2_ws/src/algorithmic_payload_estimation/ur_manipulator_description/ur_manipulator_description/install/ur_manipulator_description/share/ament_index/resource_index/package_run_dependencies/ur_manipulator_description
[1.434s] -- Symlinking: /ros2_ws/src/algorithmic_payload_estimation/ur_manipulator_description/ur_manipulator_description/install/ur_manipulator_description/share/ament_index/resource_index/parent_prefix_path/ur_manipulator_description
[1.442s] -- Symlinking: /ros2_ws/src/algorithmic_payload_estimation/ur_manipulator_description/ur_manipulator_description/install/ur_manipulator_description/share/ur_manipulator_description/environment/ament_prefix_path.sh
[1.450s] -- Symlinking: /ros2_ws/src/algorithmic_payload_estimation/ur_manipulator_description/ur_manipulator_description/install/ur_manipulator_description/share/ur_manipulator_description/environment/ament_prefix_path.dsv
[1.458s] -- Symlinking: /ros2_ws/src/algorithmic_payload_estimation/ur_manipulator_description/ur_manipulator_description/install/ur_manipulator_description/share/ur_manipulator_description/environment/path.sh
[1.466s] -- Symlinking: /ros2_ws/src/algorithmic_payload_estimation/ur_manipulator_description/ur_manipulator_description/install/ur_manipulator_description/share/ur_manipulator_description/environment/path.dsv
[1.474s] -- Symlinking: /ros2_ws/src/algorithmic_payload_estimation/ur_manipulator_description/ur_manipulator_description/install/ur_manipulator_description/share/ur_manipulator_description/local_setup.bash
[1.482s] -- Symlinking: /ros2_ws/src/algorithmic_payload_estimation/ur_manipulator_description/ur_manipulator_description/install/ur_manipulator_description/share/ur_manipulator_description/local_setup.sh
[1.490s] -- Symlinking: /ros2_ws/src/algorithmic_payload_estimation/ur_manipulator_description/ur_manipulator_description/install/ur_manipulator_description/share/ur_manipulator_description/local_setup.zsh
[1.499s] -- Symlinking: /ros2_ws/src/algorithmic_payload_estimation/ur_manipulator_description/ur_manipulator_description/install/ur_manipulator_description/share/ur_manipulator_description/local_setup.dsv
[1.507s] -- Symlinking: /ros2_ws/src/algorithmic_payload_estimation/ur_manipulator_description/ur_manipulator_description/install/ur_manipulator_description/share/ur_manipulator_description/package.dsv
[1.515s] -- Symlinking: /ros2_ws/src/algorithmic_payload_estimation/ur_manipulator_description/ur_manipulator_description/install/ur_manipulator_description/share/ament_index/resource_index/packages/ur_manipulator_description
[1.523s] -- Symlinking: /ros2_ws/src/algorithmic_payload_estimation/ur_manipulator_description/ur_manipulator_description/install/ur_manipulator_description/share/ur_manipulator_description/cmake/ur_manipulator_descriptionConfig.cmake
[1.531s] -- Symlinking: /ros2_ws/src/algorithmic_payload_estimation/ur_manipulator_description/ur_manipulator_description/install/ur_manipulator_description/share/ur_manipulator_description/cmake/ur_manipulator_descriptionConfig-version.cmake
[1.540s] -- Symlinking: /ros2_ws/src/algorithmic_payload_estimation/ur_manipulator_description/ur_manipulator_description/install/ur_manipulator_description/share/ur_manipulator_description/package.xml
[1.549s] Invoked command in '/ros2_ws/src/algorithmic_payload_estimation/ur_manipulator_description/ur_manipulator_description/build/ur_manipulator_description' returned '0': CMAKE_PREFIX_PATH=${CMAKE_PREFIX_PATH}:/opt/ros/jazzy /usr/bin/cmake --install /ros2_ws/src/algorithmic_payload_estimation/ur_manipulator_description/ur_manipulator_description/build/ur_manipulator_description
